Copyright 1986-2018 Xilinx, Inc. All Rights Reserved.
--------------------------------------------------------------------------------------------------------------------------------------------------------------------------------
| Tool Version : Vivado v.2018.2 (lin64) Build 2258646 Thu Jun 14 20:02:38 MDT 2018
| Date         : Tue Dec 18 11:03:30 2018
| Host         : Aurora-St-Plus running 64-bit Ubuntu 16.04.5 LTS
| Command      : report_timing_summary -max_paths 10 -file top_timing_summary_routed.rpt -pb top_timing_summary_routed.pb -rpx top_timing_summary_routed.rpx -warn_on_violation
| Design       : top
| Device       : 7a100t-csg324
| Speed File   : -1  PRODUCTION 1.22 2018-03-21
--------------------------------------------------------------------------------------------------------------------------------------------------------------------------------

Timing Summary Report

------------------------------------------------------------------------------------------------
| Timer Settings
| --------------
------------------------------------------------------------------------------------------------

  Enable Multi Corner Analysis               :  Yes
  Enable Pessimism Removal                   :  Yes
  Pessimism Removal Resolution               :  Nearest Common Node
  Enable Input Delay Default Clock           :  No
  Enable Preset / Clear Arcs                 :  No
  Disable Flight Delays                      :  No
  Ignore I/O Paths                           :  No
  Timing Early Launch at Borrowing Latches   :  false

  Corner  Analyze    Analyze    
  Name    Max Paths  Min Paths  
  ------  ---------  ---------  
  Slow    Yes        Yes        
  Fast    Yes        Yes        



check_timing report

Table of Contents
-----------------
1. checking no_clock
2. checking constant_clock
3. checking pulse_width_clock
4. checking unconstrained_internal_endpoints
5. checking no_input_delay
6. checking no_output_delay
7. checking multiple_clock
8. checking generated_clocks
9. checking loops
10. checking partial_input_delay
11. checking partial_output_delay
12. checking latch_loops

1. checking no_clock
--------------------
 There are 13 register/latch pins with no clock driven by root clock pin: CLOCK_GEN_Inst/Seg_Counter_reg[15]/Q (HIGH)

 There are 16 register/latch pins with no clock driven by root clock pin: CLOCK_GEN_Inst/Sys_Counter_reg[1]/Q (HIGH)


2. checking constant_clock
--------------------------
 There are 0 register/latch pins with constant_clock.


3. checking pulse_width_clock
-----------------------------
 There are 0 register/latch pins which need pulse_width check


4. checking unconstrained_internal_endpoints
--------------------------------------------
 There are 38 pins that are not constrained for maximum delay. (HIGH)

 There are 0 pins that are not constrained for maximum delay due to constant clock.


5. checking no_input_delay
--------------------------
 There are 0 input ports with no input delay specified.

 There are 0 input ports with no input delay but user has a false path constraint.


6. checking no_output_delay
---------------------------
 There are 16 ports with no output delay specified. (HIGH)

 There are 0 ports with no output delay but user has a false path constraint

 There are 0 ports with no output delay but with a timing clock defined on it or propagating through it


7. checking multiple_clock
--------------------------
 There are 0 register/latch pins with multiple clocks.


8. checking generated_clocks
----------------------------
 There are 0 generated clocks that are not connected to a clock source.


9. checking loops
-----------------
 There are 0 combinational loops in the design.


10. checking partial_input_delay
--------------------------------
 There are 0 input ports with partial input delay specified.


11. checking partial_output_delay
---------------------------------
 There are 0 ports with partial output delay specified.


12. checking latch_loops
------------------------
 There are 0 combinational latch loops in the design through latch input



------------------------------------------------------------------------------------------------
| Design Timing Summary
| ---------------------
------------------------------------------------------------------------------------------------

    WNS(ns)      TNS(ns)  TNS Failing Endpoints  TNS Total Endpoints      WHS(ns)      THS(ns)  THS Failing Endpoints  THS Total Endpoints     WPWS(ns)     TPWS(ns)  TPWS Failing Endpoints  TPWS Total Endpoints  
    -------      -------  ---------------------  -------------------      -------      -------  ---------------------  -------------------     --------     --------  ----------------------  --------------------  
      8.037        0.000                      0                    2        0.589        0.000                      0                    2        4.500        0.000                       0                     3  


All user specified timing constraints are met.


------------------------------------------------------------------------------------------------
| Clock Summary
| -------------
------------------------------------------------------------------------------------------------

Clock        Waveform(ns)       Period(ns)      Frequency(MHz)
-----        ------------       ----------      --------------
sys_clk_pin  {0.000 5.000}      10.000          100.000         


------------------------------------------------------------------------------------------------
| Intra Clock Table
| -----------------
------------------------------------------------------------------------------------------------

Clock             WNS(ns)      TNS(ns)  TNS Failing Endpoints  TNS Total Endpoints      WHS(ns)      THS(ns)  THS Failing Endpoints  THS Total Endpoints     WPWS(ns)     TPWS(ns)  TPWS Failing Endpoints  TPWS Total Endpoints  
-----             -------      -------  ---------------------  -------------------      -------      -------  ---------------------  -------------------     --------     --------  ----------------------  --------------------  
sys_clk_pin         8.037        0.000                      0                    2        0.589        0.000                      0                    2        4.500        0.000                       0                     3  


------------------------------------------------------------------------------------------------
| Inter Clock Table
| -----------------
------------------------------------------------------------------------------------------------

From Clock    To Clock          WNS(ns)      TNS(ns)  TNS Failing Endpoints  TNS Total Endpoints      WHS(ns)      THS(ns)  THS Failing Endpoints  THS Total Endpoints  
----------    --------          -------      -------  ---------------------  -------------------      -------      -------  ---------------------  -------------------  


------------------------------------------------------------------------------------------------
| Other Path Groups Table
| -----------------------
------------------------------------------------------------------------------------------------

Path Group    From Clock    To Clock          WNS(ns)      TNS(ns)  TNS Failing Endpoints  TNS Total Endpoints      WHS(ns)      THS(ns)  THS Failing Endpoints  THS Total Endpoints  
----------    ----------    --------          -------      -------  ---------------------  -------------------      -------      -------  ---------------------  -------------------  


------------------------------------------------------------------------------------------------
| Timing Details
| --------------
------------------------------------------------------------------------------------------------


---------------------------------------------------------------------------------------------------
From Clock:  sys_clk_pin
  To Clock:  sys_clk_pin

Setup :            0  Failing Endpoints,  Worst Slack        8.037ns,  Total Violation        0.000ns
Hold  :            0  Failing Endpoints,  Worst Slack        0.589ns,  Total Violation        0.000ns
PW    :            0  Failing Endpoints,  Worst Slack        4.500ns,  Total Violation        0.000ns
---------------------------------------------------------------------------------------------------


Max Delay Paths
--------------------------------------------------------------------------------------
Slack (MET) :             8.037ns  (required time - arrival time)
  Source:                 CLOCK_GEN_Inst/Sys_Counter_reg[1]/C
                            (rising edge-triggered cell FDRE clocked by sys_clk_pin  {rise@0.000ns fall@5.000ns period=10.000ns})
  Destination:            CLOCK_GEN_Inst/Sys_Counter_reg[1]/D
                            (rising edge-triggered cell FDRE clocked by sys_clk_pin  {rise@0.000ns fall@5.000ns period=10.000ns})
  Path Group:             sys_clk_pin
  Path Type:              Setup (Max at Slow Process Corner)
  Requirement:            10.000ns  (sys_clk_pin rise@10.000ns - sys_clk_pin rise@0.000ns)
  Data Path Delay:        2.003ns  (logic 0.746ns (37.252%)  route 1.257ns (62.748%))
  Logic Levels:           1  (LUT2=1)
  Clock Path Skew:        0.000ns (DCD - SCD + CPR)
    Destination Clock Delay (DCD):    5.025ns = ( 15.025 - 10.000 ) 
    Source Clock Delay      (SCD):    5.325ns
    Clock Pessimism Removal (CPR):    0.300ns
  Clock Uncertainty:      0.035ns  ((TSJ^2 + TIJ^2)^1/2 + DJ) / 2 + PE
    Total System Jitter     (TSJ):    0.071ns
    Total Input Jitter      (TIJ):    0.000ns
    Discrete Jitter          (DJ):    0.000ns
    Phase Error              (PE):    0.000ns

    Location             Delay type                Incr(ns)  Path(ns)    Netlist Resource(s)
  -------------------------------------------------------------------    -------------------
                         (clock sys_clk_pin rise edge)
                                                      0.000     0.000 r  
    E3                                                0.000     0.000 r  CLK100MHZ (IN)
                         net (fo=0)                   0.000     0.000    CLK100MHZ
    E3                   IBUF (Prop_ibuf_I_O)         1.482     1.482 r  CLK100MHZ_IBUF_inst/O
                         net (fo=1, routed)           2.025     3.506    CLK100MHZ_IBUF
    BUFGCTRL_X0Y16       BUFG (Prop_bufg_I_O)         0.096     3.602 r  CLK100MHZ_IBUF_BUFG_inst/O
                         net (fo=2, routed)           1.722     5.325    CLOCK_GEN_Inst/CLK100MHZ
    SLICE_X1Y88          FDRE                                         r  CLOCK_GEN_Inst/Sys_Counter_reg[1]/C
  -------------------------------------------------------------------    -------------------
    SLICE_X1Y88          FDRE (Prop_fdre_C_Q)         0.419     5.744 r  CLOCK_GEN_Inst/Sys_Counter_reg[1]/Q
                         net (fo=17, routed)          1.257     7.000    CLOCK_GEN_Inst/clk
    SLICE_X1Y88          LUT2 (Prop_lut2_I1_O)        0.327     7.327 r  CLOCK_GEN_Inst/Sys_Counter[1]_i_1/O
                         net (fo=1, routed)           0.000     7.327    CLOCK_GEN_Inst/plusOp[1]
    SLICE_X1Y88          FDRE                                         r  CLOCK_GEN_Inst/Sys_Counter_reg[1]/D
  -------------------------------------------------------------------    -------------------

                         (clock sys_clk_pin rise edge)
                                                     10.000    10.000 r  
    E3                                                0.000    10.000 r  CLK100MHZ (IN)
                         net (fo=0)                   0.000    10.000    CLK100MHZ
    E3                   IBUF (Prop_ibuf_I_O)         1.411    11.411 r  CLK100MHZ_IBUF_inst/O
                         net (fo=1, routed)           1.920    13.331    CLK100MHZ_IBUF
    BUFGCTRL_X0Y16       BUFG (Prop_bufg_I_O)         0.091    13.422 r  CLK100MHZ_IBUF_BUFG_inst/O
                         net (fo=2, routed)           1.602    15.025    CLOCK_GEN_Inst/CLK100MHZ
    SLICE_X1Y88          FDRE                                         r  CLOCK_GEN_Inst/Sys_Counter_reg[1]/C
                         clock pessimism              0.300    15.325    
                         clock uncertainty           -0.035    15.289    
    SLICE_X1Y88          FDRE (Setup_fdre_C_D)        0.075    15.364    CLOCK_GEN_Inst/Sys_Counter_reg[1]
  -------------------------------------------------------------------
                         required time                         15.364    
                         arrival time                          -7.327    
  -------------------------------------------------------------------
                         slack                                  8.037    

Slack (MET) :             8.137ns  (required time - arrival time)
  Source:                 CLOCK_GEN_Inst/Sys_Counter_reg[0]/C
                            (rising edge-triggered cell FDRE clocked by sys_clk_pin  {rise@0.000ns fall@5.000ns period=10.000ns})
  Destination:            CLOCK_GEN_Inst/Sys_Counter_reg[0]/D
                            (rising edge-triggered cell FDRE clocked by sys_clk_pin  {rise@0.000ns fall@5.000ns period=10.000ns})
  Path Group:             sys_clk_pin
  Path Type:              Setup (Max at Slow Process Corner)
  Requirement:            10.000ns  (sys_clk_pin rise@10.000ns - sys_clk_pin rise@0.000ns)
  Data Path Delay:        1.857ns  (logic 0.580ns (31.231%)  route 1.277ns (68.769%))
  Logic Levels:           1  (LUT1=1)
  Clock Path Skew:        0.000ns (DCD - SCD + CPR)
    Destination Clock Delay (DCD):    5.025ns = ( 15.025 - 10.000 ) 
    Source Clock Delay      (SCD):    5.325ns
    Clock Pessimism Removal (CPR):    0.300ns
  Clock Uncertainty:      0.035ns  ((TSJ^2 + TIJ^2)^1/2 + DJ) / 2 + PE
    Total System Jitter     (TSJ):    0.071ns
    Total Input Jitter      (TIJ):    0.000ns
    Discrete Jitter          (DJ):    0.000ns
    Phase Error              (PE):    0.000ns

    Location             Delay type                Incr(ns)  Path(ns)    Netlist Resource(s)
  -------------------------------------------------------------------    -------------------
                         (clock sys_clk_pin rise edge)
                                                      0.000     0.000 r  
    E3                                                0.000     0.000 r  CLK100MHZ (IN)
                         net (fo=0)                   0.000     0.000    CLK100MHZ
    E3                   IBUF (Prop_ibuf_I_O)         1.482     1.482 r  CLK100MHZ_IBUF_inst/O
                         net (fo=1, routed)           2.025     3.506    CLK100MHZ_IBUF
    BUFGCTRL_X0Y16       BUFG (Prop_bufg_I_O)         0.096     3.602 r  CLK100MHZ_IBUF_BUFG_inst/O
                         net (fo=2, routed)           1.722     5.325    CLOCK_GEN_Inst/CLK100MHZ
    SLICE_X1Y88          FDRE                                         r  CLOCK_GEN_Inst/Sys_Counter_reg[0]/C
  -------------------------------------------------------------------    -------------------
    SLICE_X1Y88          FDRE (Prop_fdre_C_Q)         0.456     5.781 f  CLOCK_GEN_Inst/Sys_Counter_reg[0]/Q
                         net (fo=2, routed)           1.277     7.058    CLOCK_GEN_Inst/Sys_Counter_reg_n_0_[0]
    SLICE_X1Y88          LUT1 (Prop_lut1_I0_O)        0.124     7.182 r  CLOCK_GEN_Inst/Sys_Counter[0]_i_1/O
                         net (fo=1, routed)           0.000     7.182    CLOCK_GEN_Inst/plusOp[0]
    SLICE_X1Y88          FDRE                                         r  CLOCK_GEN_Inst/Sys_Counter_reg[0]/D
  -------------------------------------------------------------------    -------------------

                         (clock sys_clk_pin rise edge)
                                                     10.000    10.000 r  
    E3                                                0.000    10.000 r  CLK100MHZ (IN)
                         net (fo=0)                   0.000    10.000    CLK100MHZ
    E3                   IBUF (Prop_ibuf_I_O)         1.411    11.411 r  CLK100MHZ_IBUF_inst/O
                         net (fo=1, routed)           1.920    13.331    CLK100MHZ_IBUF
    BUFGCTRL_X0Y16       BUFG (Prop_bufg_I_O)         0.091    13.422 r  CLK100MHZ_IBUF_BUFG_inst/O
                         net (fo=2, routed)           1.602    15.025    CLOCK_GEN_Inst/CLK100MHZ
    SLICE_X1Y88          FDRE                                         r  CLOCK_GEN_Inst/Sys_Counter_reg[0]/C
                         clock pessimism              0.300    15.325    
                         clock uncertainty           -0.035    15.289    
    SLICE_X1Y88          FDRE (Setup_fdre_C_D)        0.029    15.318    CLOCK_GEN_Inst/Sys_Counter_reg[0]
  -------------------------------------------------------------------
                         required time                         15.318    
                         arrival time                          -7.182    
  -------------------------------------------------------------------
                         slack                                  8.137    





Min Delay Paths
--------------------------------------------------------------------------------------
Slack (MET) :             0.589ns  (arrival time - required time)
  Source:                 CLOCK_GEN_Inst/Sys_Counter_reg[1]/C
                            (rising edge-triggered cell FDRE clocked by sys_clk_pin  {rise@0.000ns fall@5.000ns period=10.000ns})
  Destination:            CLOCK_GEN_Inst/Sys_Counter_reg[1]/D
                            (rising edge-triggered cell FDRE clocked by sys_clk_pin  {rise@0.000ns fall@5.000ns period=10.000ns})
  Path Group:             sys_clk_pin
  Path Type:              Hold (Min at Fast Process Corner)
  Requirement:            0.000ns  (sys_clk_pin rise@0.000ns - sys_clk_pin rise@0.000ns)
  Data Path Delay:        0.696ns  (logic 0.226ns (32.492%)  route 0.470ns (67.508%))
  Logic Levels:           1  (LUT2=1)
  Clock Path Skew:        0.000ns (DCD - SCD - CPR)
    Destination Clock Delay (DCD):    2.040ns
    Source Clock Delay      (SCD):    1.521ns
    Clock Pessimism Removal (CPR):    0.518ns

    Location             Delay type                Incr(ns)  Path(ns)    Netlist Resource(s)
  -------------------------------------------------------------------    -------------------
                         (clock sys_clk_pin rise edge)
                                                      0.000     0.000 r  
    E3                                                0.000     0.000 r  CLK100MHZ (IN)
                         net (fo=0)                   0.000     0.000    CLK100MHZ
    E3                   IBUF (Prop_ibuf_I_O)         0.250     0.250 r  CLK100MHZ_IBUF_inst/O
                         net (fo=1, routed)           0.644     0.894    CLK100MHZ_IBUF
    BUFGCTRL_X0Y16       BUFG (Prop_bufg_I_O)         0.026     0.920 r  CLK100MHZ_IBUF_BUFG_inst/O
                         net (fo=2, routed)           0.602     1.521    CLOCK_GEN_Inst/CLK100MHZ
    SLICE_X1Y88          FDRE                                         r  CLOCK_GEN_Inst/Sys_Counter_reg[1]/C
  -------------------------------------------------------------------    -------------------
    SLICE_X1Y88          FDRE (Prop_fdre_C_Q)         0.128     1.649 r  CLOCK_GEN_Inst/Sys_Counter_reg[1]/Q
                         net (fo=17, routed)          0.470     2.119    CLOCK_GEN_Inst/clk
    SLICE_X1Y88          LUT2 (Prop_lut2_I1_O)        0.098     2.217 r  CLOCK_GEN_Inst/Sys_Counter[1]_i_1/O
                         net (fo=1, routed)           0.000     2.217    CLOCK_GEN_Inst/plusOp[1]
    SLICE_X1Y88          FDRE                                         r  CLOCK_GEN_Inst/Sys_Counter_reg[1]/D
  -------------------------------------------------------------------    -------------------

                         (clock sys_clk_pin rise edge)
                                                      0.000     0.000 r  
    E3                                                0.000     0.000 r  CLK100MHZ (IN)
                         net (fo=0)                   0.000     0.000    CLK100MHZ
    E3                   IBUF (Prop_ibuf_I_O)         0.438     0.438 r  CLK100MHZ_IBUF_inst/O
                         net (fo=1, routed)           0.699     1.136    CLK100MHZ_IBUF
    BUFGCTRL_X0Y16       BUFG (Prop_bufg_I_O)         0.029     1.165 r  CLK100MHZ_IBUF_BUFG_inst/O
                         net (fo=2, routed)           0.875     2.040    CLOCK_GEN_Inst/CLK100MHZ
    SLICE_X1Y88          FDRE                                         r  CLOCK_GEN_Inst/Sys_Counter_reg[1]/C
                         clock pessimism             -0.518     1.521    
    SLICE_X1Y88          FDRE (Hold_fdre_C_D)         0.107     1.628    CLOCK_GEN_Inst/Sys_Counter_reg[1]
  -------------------------------------------------------------------
                         required time                         -1.628    
                         arrival time                           2.217    
  -------------------------------------------------------------------
                         slack                                  0.589    

Slack (MET) :             0.662ns  (arrival time - required time)
  Source:                 CLOCK_GEN_Inst/Sys_Counter_reg[0]/C
                            (rising edge-triggered cell FDRE clocked by sys_clk_pin  {rise@0.000ns fall@5.000ns period=10.000ns})
  Destination:            CLOCK_GEN_Inst/Sys_Counter_reg[0]/D
                            (rising edge-triggered cell FDRE clocked by sys_clk_pin  {rise@0.000ns fall@5.000ns period=10.000ns})
  Path Group:             sys_clk_pin
  Path Type:              Hold (Min at Fast Process Corner)
  Requirement:            0.000ns  (sys_clk_pin rise@0.000ns - sys_clk_pin rise@0.000ns)
  Data Path Delay:        0.753ns  (logic 0.186ns (24.697%)  route 0.567ns (75.303%))
  Logic Levels:           1  (LUT1=1)
  Clock Path Skew:        0.000ns (DCD - SCD - CPR)
    Destination Clock Delay (DCD):    2.040ns
    Source Clock Delay      (SCD):    1.521ns
    Clock Pessimism Removal (CPR):    0.518ns

    Location             Delay type                Incr(ns)  Path(ns)    Netlist Resource(s)
  -------------------------------------------------------------------    -------------------
                         (clock sys_clk_pin rise edge)
                                                      0.000     0.000 r  
    E3                                                0.000     0.000 r  CLK100MHZ (IN)
                         net (fo=0)                   0.000     0.000    CLK100MHZ
    E3                   IBUF (Prop_ibuf_I_O)         0.250     0.250 r  CLK100MHZ_IBUF_inst/O
                         net (fo=1, routed)           0.644     0.894    CLK100MHZ_IBUF
    BUFGCTRL_X0Y16       BUFG (Prop_bufg_I_O)         0.026     0.920 r  CLK100MHZ_IBUF_BUFG_inst/O
                         net (fo=2, routed)           0.602     1.521    CLOCK_GEN_Inst/CLK100MHZ
    SLICE_X1Y88          FDRE                                         r  CLOCK_GEN_Inst/Sys_Counter_reg[0]/C
  -------------------------------------------------------------------    -------------------
    SLICE_X1Y88          FDRE (Prop_fdre_C_Q)         0.141     1.662 f  CLOCK_GEN_Inst/Sys_Counter_reg[0]/Q
                         net (fo=2, routed)           0.567     2.229    CLOCK_GEN_Inst/Sys_Counter_reg_n_0_[0]
    SLICE_X1Y88          LUT1 (Prop_lut1_I0_O)        0.045     2.274 r  CLOCK_GEN_Inst/Sys_Counter[0]_i_1/O
                         net (fo=1, routed)           0.000     2.274    CLOCK_GEN_Inst/plusOp[0]
    SLICE_X1Y88          FDRE                                         r  CLOCK_GEN_Inst/Sys_Counter_reg[0]/D
  -------------------------------------------------------------------    -------------------

                         (clock sys_clk_pin rise edge)
                                                      0.000     0.000 r  
    E3                                                0.000     0.000 r  CLK100MHZ (IN)
                         net (fo=0)                   0.000     0.000    CLK100MHZ
    E3                   IBUF (Prop_ibuf_I_O)         0.438     0.438 r  CLK100MHZ_IBUF_inst/O
                         net (fo=1, routed)           0.699     1.136    CLK100MHZ_IBUF
    BUFGCTRL_X0Y16       BUFG (Prop_bufg_I_O)         0.029     1.165 r  CLK100MHZ_IBUF_BUFG_inst/O
                         net (fo=2, routed)           0.875     2.040    CLOCK_GEN_Inst/CLK100MHZ
    SLICE_X1Y88          FDRE                                         r  CLOCK_GEN_Inst/Sys_Counter_reg[0]/C
                         clock pessimism             -0.518     1.521    
    SLICE_X1Y88          FDRE (Hold_fdre_C_D)         0.091     1.612    CLOCK_GEN_Inst/Sys_Counter_reg[0]
  -------------------------------------------------------------------
                         required time                         -1.612    
                         arrival time                           2.274    
  -------------------------------------------------------------------
                         slack                                  0.662    





Pulse Width Checks
--------------------------------------------------------------------------------------
Clock Name:         sys_clk_pin
Waveform(ns):       { 0.000 5.000 }
Period(ns):         10.000
Sources:            { CLK100MHZ }

Check Type        Corner  Lib Pin  Reference Pin  Required(ns)  Actual(ns)  Slack(ns)  Location        Pin
Min Period        n/a     BUFG/I   n/a            2.155         10.000      7.845      BUFGCTRL_X0Y16  CLK100MHZ_IBUF_BUFG_inst/I
Min Period        n/a     FDRE/C   n/a            1.000         10.000      9.000      SLICE_X1Y88     CLOCK_GEN_Inst/Sys_Counter_reg[0]/C
Min Period        n/a     FDRE/C   n/a            1.000         10.000      9.000      SLICE_X1Y88     CLOCK_GEN_Inst/Sys_Counter_reg[1]/C
Low Pulse Width   Fast    FDRE/C   n/a            0.500         5.000       4.500      SLICE_X1Y88     CLOCK_GEN_Inst/Sys_Counter_reg[0]/C
Low Pulse Width   Fast    FDRE/C   n/a            0.500         5.000       4.500      SLICE_X1Y88     CLOCK_GEN_Inst/Sys_Counter_reg[1]/C
Low Pulse Width   Slow    FDRE/C   n/a            0.500         5.000       4.500      SLICE_X1Y88     CLOCK_GEN_Inst/Sys_Counter_reg[0]/C
Low Pulse Width   Slow    FDRE/C   n/a            0.500         5.000       4.500      SLICE_X1Y88     CLOCK_GEN_Inst/Sys_Counter_reg[1]/C
High Pulse Width  Slow    FDRE/C   n/a            0.500         5.000       4.500      SLICE_X1Y88     CLOCK_GEN_Inst/Sys_Counter_reg[0]/C
High Pulse Width  Fast    FDRE/C   n/a            0.500         5.000       4.500      SLICE_X1Y88     CLOCK_GEN_Inst/Sys_Counter_reg[0]/C
High Pulse Width  Slow    FDRE/C   n/a            0.500         5.000       4.500      SLICE_X1Y88     CLOCK_GEN_Inst/Sys_Counter_reg[1]/C
High Pulse Width  Fast    FDRE/C   n/a            0.500         5.000       4.500      SLICE_X1Y88     CLOCK_GEN_Inst/Sys_Counter_reg[1]/C



