Copyright 1986-2018 Xilinx, Inc. All Rights Reserved.
-----------------------------------------------------------------------------------------------------------------------------------------------
| Tool Version : Vivado v.2018.2 (lin64) Build 2258646 Thu Jun 14 20:02:38 MDT 2018
| Date         : Sat Jan 19 19:50:18 2019
| Host         : clevo-n855hk running 64-bit Ubuntu 16.04.5 LTS
| Command      : report_methodology -file top_methodology_drc_routed.rpt -pb top_methodology_drc_routed.pb -rpx top_methodology_drc_routed.rpx
| Design       : top
| Device       : xc7a100tcsg324-1
| Speed File   : -1
| Design State : Routed
-----------------------------------------------------------------------------------------------------------------------------------------------

Report Methodology

Table of Contents
-----------------
1. REPORT SUMMARY
2. REPORT DETAILS

1. REPORT SUMMARY
-----------------
            Netlist: netlist
          Floorplan: design_1
      Design limits: <entire design considered>
             Max violations: <unlimited>
             Violations found: 126
+-----------+----------+------------------------------+------------+
| Rule      | Severity | Description                  | Violations |
+-----------+----------+------------------------------+------------+
| LUTAR-1   | Warning  | LUT drives async reset alert | 4          |
| TIMING-17 | Warning  | Non-clocked sequential cell  | 109        |
| TIMING-20 | Warning  | Non-clocked latch            | 13         |
+-----------+----------+------------------------------+------------+

2. REPORT DETAILS
-----------------
LUTAR-1#1 Warning
LUT drives async reset alert  
LUT cell FSM_Inst/FSM_G_Data_Signal_reg[0]_i_2, with 2 or more inputs, drives asynchronous preset/clear pin(s) FSM_Inst/FSM_G_Data_Signal_reg[0]/CLR. The LUT may glitch and trigger an unexpected reset, even if it is a properly timed path.
Related violations: <none>

LUTAR-1#2 Warning
LUT drives async reset alert  
LUT cell FSM_Inst/FSM_G_Data_Signal_reg[19]_i_3, with 2 or more inputs, drives asynchronous preset/clear pin(s) FSM_Inst/FSM_G_Data_Signal_reg[10]/CLR, FSM_Inst/FSM_G_Data_Signal_reg[11]/CLR, FSM_Inst/FSM_G_Data_Signal_reg[12]/CLR, FSM_Inst/FSM_G_Data_Signal_reg[13]/CLR, FSM_Inst/FSM_G_Data_Signal_reg[14]/CLR, FSM_Inst/FSM_G_Data_Signal_reg[15]/CLR, FSM_Inst/FSM_G_Data_Signal_reg[16]/CLR, FSM_Inst/FSM_G_Data_Signal_reg[17]/CLR, FSM_Inst/FSM_G_Data_Signal_reg[18]/CLR, FSM_Inst/FSM_G_Data_Signal_reg[19]/CLR, FSM_Inst/FSM_G_Data_Signal_reg[3]/CLR, FSM_Inst/FSM_G_Data_Signal_reg[4]/CLR, FSM_Inst/FSM_G_Data_Signal_reg[5]/CLR, FSM_Inst/FSM_G_Data_Signal_reg[6]/CLR, FSM_Inst/FSM_G_Data_Signal_reg[7]/CLR (the first 15 of 17 listed). The LUT may glitch and trigger an unexpected reset, even if it is a properly timed path.
Related violations: <none>

LUTAR-1#3 Warning
LUT drives async reset alert  
LUT cell FSM_Inst/FSM_G_Data_Signal_reg[1]_i_2, with 2 or more inputs, drives asynchronous preset/clear pin(s) FSM_Inst/FSM_G_Data_Signal_reg[1]/CLR. The LUT may glitch and trigger an unexpected reset, even if it is a properly timed path.
Related violations: <none>

LUTAR-1#4 Warning
LUT drives async reset alert  
LUT cell FSM_Inst/FSM_G_Data_Signal_reg[2]_i_2, with 2 or more inputs, drives asynchronous preset/clear pin(s) FSM_Inst/FSM_G_Data_Signal_reg[2]/CLR. The LUT may glitch and trigger an unexpected reset, even if it is a properly timed path.
Related violations: <none>

TIMING-17#1 Warning
Non-clocked sequential cell  
The clock pin CLOCK_GEN_Inst/Second_Counter_reg[0]/C is not reached by a timing clock
Related violations: <none>

TIMING-17#2 Warning
Non-clocked sequential cell  
The clock pin CLOCK_GEN_Inst/Second_Counter_reg[1]/C is not reached by a timing clock
Related violations: <none>

TIMING-17#3 Warning
Non-clocked sequential cell  
The clock pin CLOCK_GEN_Inst/Second_Counter_reg[2]/C is not reached by a timing clock
Related violations: <none>

TIMING-17#4 Warning
Non-clocked sequential cell  
The clock pin CLOCK_GEN_Inst/Second_Counter_reg[3]/C is not reached by a timing clock
Related violations: <none>

TIMING-17#5 Warning
Non-clocked sequential cell  
The clock pin CLOCK_GEN_Inst/Second_Counter_reg[4]/C is not reached by a timing clock
Related violations: <none>

TIMING-17#6 Warning
Non-clocked sequential cell  
The clock pin CLOCK_GEN_Inst/Second_Reg_reg/C is not reached by a timing clock
Related violations: <none>

TIMING-17#7 Warning
Non-clocked sequential cell  
The clock pin CLOCK_GEN_Inst/User_Counter_reg[0]/C is not reached by a timing clock
Related violations: <none>

TIMING-17#8 Warning
Non-clocked sequential cell  
The clock pin CLOCK_GEN_Inst/User_Counter_reg[1]/C is not reached by a timing clock
Related violations: <none>

TIMING-17#9 Warning
Non-clocked sequential cell  
The clock pin CLOCK_GEN_Inst/User_Counter_reg[2]/C is not reached by a timing clock
Related violations: <none>

TIMING-17#10 Warning
Non-clocked sequential cell  
The clock pin CLOCK_GEN_Inst/User_Counter_reg[3]/C is not reached by a timing clock
Related violations: <none>

TIMING-17#11 Warning
Non-clocked sequential cell  
The clock pin DEB_Array[0].DEBOUNCER_Inst/Q1_reg/C is not reached by a timing clock
Related violations: <none>

TIMING-17#12 Warning
Non-clocked sequential cell  
The clock pin DEB_Array[0].DEBOUNCER_Inst/Q2_reg/C is not reached by a timing clock
Related violations: <none>

TIMING-17#13 Warning
Non-clocked sequential cell  
The clock pin DEB_Array[0].DEBOUNCER_Inst/Q3_reg/C is not reached by a timing clock
Related violations: <none>

TIMING-17#14 Warning
Non-clocked sequential cell  
The clock pin DEB_Array[1].DEBOUNCER_Inst/Q1_reg/C is not reached by a timing clock
Related violations: <none>

TIMING-17#15 Warning
Non-clocked sequential cell  
The clock pin DEB_Array[1].DEBOUNCER_Inst/Q2_reg/C is not reached by a timing clock
Related violations: <none>

TIMING-17#16 Warning
Non-clocked sequential cell  
The clock pin DEB_Array[1].DEBOUNCER_Inst/Q3_reg/C is not reached by a timing clock
Related violations: <none>

TIMING-17#17 Warning
Non-clocked sequential cell  
The clock pin DEB_Array[2].DEBOUNCER_Inst/Q1_reg/C is not reached by a timing clock
Related violations: <none>

TIMING-17#18 Warning
Non-clocked sequential cell  
The clock pin DEB_Array[2].DEBOUNCER_Inst/Q2_reg/C is not reached by a timing clock
Related violations: <none>

TIMING-17#19 Warning
Non-clocked sequential cell  
The clock pin DEB_Array[2].DEBOUNCER_Inst/Q3_reg/C is not reached by a timing clock
Related violations: <none>

TIMING-17#20 Warning
Non-clocked sequential cell  
The clock pin DEB_Array[3].DEBOUNCER_Inst/Q1_reg/C is not reached by a timing clock
Related violations: <none>

TIMING-17#21 Warning
Non-clocked sequential cell  
The clock pin DEB_Array[3].DEBOUNCER_Inst/Q2_reg/C is not reached by a timing clock
Related violations: <none>

TIMING-17#22 Warning
Non-clocked sequential cell  
The clock pin DEB_Array[3].DEBOUNCER_Inst/Q3_reg/C is not reached by a timing clock
Related violations: <none>

TIMING-17#23 Warning
Non-clocked sequential cell  
The clock pin DISP_DRV_Inst/Decode_ROM_Address_reg[0]/C is not reached by a timing clock
Related violations: <none>

TIMING-17#24 Warning
Non-clocked sequential cell  
The clock pin DISP_DRV_Inst/Decode_ROM_Address_reg[1]/C is not reached by a timing clock
Related violations: <none>

TIMING-17#25 Warning
Non-clocked sequential cell  
The clock pin DISP_DRV_Inst/Decode_ROM_Address_reg[2]/C is not reached by a timing clock
Related violations: <none>

TIMING-17#26 Warning
Non-clocked sequential cell  
The clock pin FSM_Inst/BUF_Passcode_Part_reg[0]/C is not reached by a timing clock
Related violations: <none>

TIMING-17#27 Warning
Non-clocked sequential cell  
The clock pin FSM_Inst/BUF_Passcode_Part_reg[1]/C is not reached by a timing clock
Related violations: <none>

TIMING-17#28 Warning
Non-clocked sequential cell  
The clock pin FSM_Inst/BUF_Passcode_Part_reg[2]/C is not reached by a timing clock
Related violations: <none>

TIMING-17#29 Warning
Non-clocked sequential cell  
The clock pin FSM_Inst/BUF_Passcode_Part_reg[3]/C is not reached by a timing clock
Related violations: <none>

TIMING-17#30 Warning
Non-clocked sequential cell  
The clock pin FSM_Inst/BUF_Passcode_Part_reg[4]/C is not reached by a timing clock
Related violations: <none>

TIMING-17#31 Warning
Non-clocked sequential cell  
The clock pin FSM_Inst/BUF_Passcode_Part_reg[5]/C is not reached by a timing clock
Related violations: <none>

TIMING-17#32 Warning
Non-clocked sequential cell  
The clock pin FSM_Inst/BUF_Passcode_Part_reg[6]/C is not reached by a timing clock
Related violations: <none>

TIMING-17#33 Warning
Non-clocked sequential cell  
The clock pin FSM_Inst/BUF_Passcode_Part_reg[7]/C is not reached by a timing clock
Related violations: <none>

TIMING-17#34 Warning
Non-clocked sequential cell  
The clock pin FSM_Inst/BUF_Passcode_Preset_reg[0]/C is not reached by a timing clock
Related violations: <none>

TIMING-17#35 Warning
Non-clocked sequential cell  
The clock pin FSM_Inst/BUF_Passcode_Preset_reg[10]/C is not reached by a timing clock
Related violations: <none>

TIMING-17#36 Warning
Non-clocked sequential cell  
The clock pin FSM_Inst/BUF_Passcode_Preset_reg[11]/C is not reached by a timing clock
Related violations: <none>

TIMING-17#37 Warning
Non-clocked sequential cell  
The clock pin FSM_Inst/BUF_Passcode_Preset_reg[12]/C is not reached by a timing clock
Related violations: <none>

TIMING-17#38 Warning
Non-clocked sequential cell  
The clock pin FSM_Inst/BUF_Passcode_Preset_reg[13]/C is not reached by a timing clock
Related violations: <none>

TIMING-17#39 Warning
Non-clocked sequential cell  
The clock pin FSM_Inst/BUF_Passcode_Preset_reg[14]/C is not reached by a timing clock
Related violations: <none>

TIMING-17#40 Warning
Non-clocked sequential cell  
The clock pin FSM_Inst/BUF_Passcode_Preset_reg[15]/C is not reached by a timing clock
Related violations: <none>

TIMING-17#41 Warning
Non-clocked sequential cell  
The clock pin FSM_Inst/BUF_Passcode_Preset_reg[16]/C is not reached by a timing clock
Related violations: <none>

TIMING-17#42 Warning
Non-clocked sequential cell  
The clock pin FSM_Inst/BUF_Passcode_Preset_reg[17]/C is not reached by a timing clock
Related violations: <none>

TIMING-17#43 Warning
Non-clocked sequential cell  
The clock pin FSM_Inst/BUF_Passcode_Preset_reg[18]/C is not reached by a timing clock
Related violations: <none>

TIMING-17#44 Warning
Non-clocked sequential cell  
The clock pin FSM_Inst/BUF_Passcode_Preset_reg[19]/C is not reached by a timing clock
Related violations: <none>

TIMING-17#45 Warning
Non-clocked sequential cell  
The clock pin FSM_Inst/BUF_Passcode_Preset_reg[1]/C is not reached by a timing clock
Related violations: <none>

TIMING-17#46 Warning
Non-clocked sequential cell  
The clock pin FSM_Inst/BUF_Passcode_Preset_reg[2]/C is not reached by a timing clock
Related violations: <none>

TIMING-17#47 Warning
Non-clocked sequential cell  
The clock pin FSM_Inst/BUF_Passcode_Preset_reg[3]/C is not reached by a timing clock
Related violations: <none>

TIMING-17#48 Warning
Non-clocked sequential cell  
The clock pin FSM_Inst/BUF_Passcode_Preset_reg[4]/C is not reached by a timing clock
Related violations: <none>

TIMING-17#49 Warning
Non-clocked sequential cell  
The clock pin FSM_Inst/BUF_Passcode_Preset_reg[5]/C is not reached by a timing clock
Related violations: <none>

TIMING-17#50 Warning
Non-clocked sequential cell  
The clock pin FSM_Inst/BUF_Passcode_Preset_reg[6]/C is not reached by a timing clock
Related violations: <none>

TIMING-17#51 Warning
Non-clocked sequential cell  
The clock pin FSM_Inst/BUF_Passcode_Preset_reg[7]/C is not reached by a timing clock
Related violations: <none>

TIMING-17#52 Warning
Non-clocked sequential cell  
The clock pin FSM_Inst/BUF_Passcode_Preset_reg[8]/C is not reached by a timing clock
Related violations: <none>

TIMING-17#53 Warning
Non-clocked sequential cell  
The clock pin FSM_Inst/BUF_Passcode_Preset_reg[9]/C is not reached by a timing clock
Related violations: <none>

TIMING-17#54 Warning
Non-clocked sequential cell  
The clock pin FSM_Inst/BUF_Passcode_reg[0]/C is not reached by a timing clock
Related violations: <none>

TIMING-17#55 Warning
Non-clocked sequential cell  
The clock pin FSM_Inst/BUF_Passcode_reg[10]/C is not reached by a timing clock
Related violations: <none>

TIMING-17#56 Warning
Non-clocked sequential cell  
The clock pin FSM_Inst/BUF_Passcode_reg[11]/C is not reached by a timing clock
Related violations: <none>

TIMING-17#57 Warning
Non-clocked sequential cell  
The clock pin FSM_Inst/BUF_Passcode_reg[12]/C is not reached by a timing clock
Related violations: <none>

TIMING-17#58 Warning
Non-clocked sequential cell  
The clock pin FSM_Inst/BUF_Passcode_reg[13]/C is not reached by a timing clock
Related violations: <none>

TIMING-17#59 Warning
Non-clocked sequential cell  
The clock pin FSM_Inst/BUF_Passcode_reg[14]/C is not reached by a timing clock
Related violations: <none>

TIMING-17#60 Warning
Non-clocked sequential cell  
The clock pin FSM_Inst/BUF_Passcode_reg[15]/C is not reached by a timing clock
Related violations: <none>

TIMING-17#61 Warning
Non-clocked sequential cell  
The clock pin FSM_Inst/BUF_Passcode_reg[16]/C is not reached by a timing clock
Related violations: <none>

TIMING-17#62 Warning
Non-clocked sequential cell  
The clock pin FSM_Inst/BUF_Passcode_reg[17]/C is not reached by a timing clock
Related violations: <none>

TIMING-17#63 Warning
Non-clocked sequential cell  
The clock pin FSM_Inst/BUF_Passcode_reg[18]/C is not reached by a timing clock
Related violations: <none>

TIMING-17#64 Warning
Non-clocked sequential cell  
The clock pin FSM_Inst/BUF_Passcode_reg[19]/C is not reached by a timing clock
Related violations: <none>

TIMING-17#65 Warning
Non-clocked sequential cell  
The clock pin FSM_Inst/BUF_Passcode_reg[1]/C is not reached by a timing clock
Related violations: <none>

TIMING-17#66 Warning
Non-clocked sequential cell  
The clock pin FSM_Inst/BUF_Passcode_reg[2]/C is not reached by a timing clock
Related violations: <none>

TIMING-17#67 Warning
Non-clocked sequential cell  
The clock pin FSM_Inst/BUF_Passcode_reg[3]/C is not reached by a timing clock
Related violations: <none>

TIMING-17#68 Warning
Non-clocked sequential cell  
The clock pin FSM_Inst/BUF_Passcode_reg[4]/C is not reached by a timing clock
Related violations: <none>

TIMING-17#69 Warning
Non-clocked sequential cell  
The clock pin FSM_Inst/BUF_Passcode_reg[5]/C is not reached by a timing clock
Related violations: <none>

TIMING-17#70 Warning
Non-clocked sequential cell  
The clock pin FSM_Inst/BUF_Passcode_reg[6]/C is not reached by a timing clock
Related violations: <none>

TIMING-17#71 Warning
Non-clocked sequential cell  
The clock pin FSM_Inst/BUF_Passcode_reg[7]/C is not reached by a timing clock
Related violations: <none>

TIMING-17#72 Warning
Non-clocked sequential cell  
The clock pin FSM_Inst/BUF_Passcode_reg[8]/C is not reached by a timing clock
Related violations: <none>

TIMING-17#73 Warning
Non-clocked sequential cell  
The clock pin FSM_Inst/BUF_Passcode_reg[9]/C is not reached by a timing clock
Related violations: <none>

TIMING-17#74 Warning
Non-clocked sequential cell  
The clock pin FSM_Inst/FSM_GFX_DATA_reg[0]/C is not reached by a timing clock
Related violations: <none>

TIMING-17#75 Warning
Non-clocked sequential cell  
The clock pin FSM_Inst/FSM_GFX_DATA_reg[10]/C is not reached by a timing clock
Related violations: <none>

TIMING-17#76 Warning
Non-clocked sequential cell  
The clock pin FSM_Inst/FSM_GFX_DATA_reg[11]/C is not reached by a timing clock
Related violations: <none>

TIMING-17#77 Warning
Non-clocked sequential cell  
The clock pin FSM_Inst/FSM_GFX_DATA_reg[12]/C is not reached by a timing clock
Related violations: <none>

TIMING-17#78 Warning
Non-clocked sequential cell  
The clock pin FSM_Inst/FSM_GFX_DATA_reg[13]/C is not reached by a timing clock
Related violations: <none>

TIMING-17#79 Warning
Non-clocked sequential cell  
The clock pin FSM_Inst/FSM_GFX_DATA_reg[14]/C is not reached by a timing clock
Related violations: <none>

TIMING-17#80 Warning
Non-clocked sequential cell  
The clock pin FSM_Inst/FSM_GFX_DATA_reg[15]/C is not reached by a timing clock
Related violations: <none>

TIMING-17#81 Warning
Non-clocked sequential cell  
The clock pin FSM_Inst/FSM_GFX_DATA_reg[16]/C is not reached by a timing clock
Related violations: <none>

TIMING-17#82 Warning
Non-clocked sequential cell  
The clock pin FSM_Inst/FSM_GFX_DATA_reg[17]/C is not reached by a timing clock
Related violations: <none>

TIMING-17#83 Warning
Non-clocked sequential cell  
The clock pin FSM_Inst/FSM_GFX_DATA_reg[18]/C is not reached by a timing clock
Related violations: <none>

TIMING-17#84 Warning
Non-clocked sequential cell  
The clock pin FSM_Inst/FSM_GFX_DATA_reg[19]/C is not reached by a timing clock
Related violations: <none>

TIMING-17#85 Warning
Non-clocked sequential cell  
The clock pin FSM_Inst/FSM_GFX_DATA_reg[1]/C is not reached by a timing clock
Related violations: <none>

TIMING-17#86 Warning
Non-clocked sequential cell  
The clock pin FSM_Inst/FSM_GFX_DATA_reg[2]/C is not reached by a timing clock
Related violations: <none>

TIMING-17#87 Warning
Non-clocked sequential cell  
The clock pin FSM_Inst/FSM_GFX_DATA_reg[3]/C is not reached by a timing clock
Related violations: <none>

TIMING-17#88 Warning
Non-clocked sequential cell  
The clock pin FSM_Inst/FSM_GFX_DATA_reg[4]/C is not reached by a timing clock
Related violations: <none>

TIMING-17#89 Warning
Non-clocked sequential cell  
The clock pin FSM_Inst/FSM_GFX_DATA_reg[5]/C is not reached by a timing clock
Related violations: <none>

TIMING-17#90 Warning
Non-clocked sequential cell  
The clock pin FSM_Inst/FSM_GFX_DATA_reg[6]/C is not reached by a timing clock
Related violations: <none>

TIMING-17#91 Warning
Non-clocked sequential cell  
The clock pin FSM_Inst/FSM_GFX_DATA_reg[7]/C is not reached by a timing clock
Related violations: <none>

TIMING-17#92 Warning
Non-clocked sequential cell  
The clock pin FSM_Inst/FSM_GFX_DATA_reg[8]/C is not reached by a timing clock
Related violations: <none>

TIMING-17#93 Warning
Non-clocked sequential cell  
The clock pin FSM_Inst/FSM_GFX_DATA_reg[9]/C is not reached by a timing clock
Related violations: <none>

TIMING-17#94 Warning
Non-clocked sequential cell  
The clock pin FSM_Inst/FSM_GFX_OPCODE_reg[0]/C is not reached by a timing clock
Related violations: <none>

TIMING-17#95 Warning
Non-clocked sequential cell  
The clock pin FSM_Inst/FSM_GFX_OPCODE_reg[1]/C is not reached by a timing clock
Related violations: <none>

TIMING-17#96 Warning
Non-clocked sequential cell  
The clock pin FSM_Inst/FSM_GFX_OPCODE_reg[2]/C is not reached by a timing clock
Related violations: <none>

TIMING-17#97 Warning
Non-clocked sequential cell  
The clock pin FSM_Inst/FSM_Program_Mode_Enable_reg/C is not reached by a timing clock
Related violations: <none>

TIMING-17#98 Warning
Non-clocked sequential cell  
The clock pin FSM_Inst/FSM_Secure_Mode_Enable_reg/C is not reached by a timing clock
Related violations: <none>

TIMING-17#99 Warning
Non-clocked sequential cell  
The clock pin FSM_Inst/FSM_sequential_State_reg[0]/C is not reached by a timing clock
Related violations: <none>

TIMING-17#100 Warning
Non-clocked sequential cell  
The clock pin FSM_Inst/FSM_sequential_State_reg[1]/C is not reached by a timing clock
Related violations: <none>

TIMING-17#101 Warning
Non-clocked sequential cell  
The clock pin FSM_Inst/FSM_sequential_State_reg[2]/C is not reached by a timing clock
Related violations: <none>

TIMING-17#102 Warning
Non-clocked sequential cell  
The clock pin FSM_Inst/FSM_sequential_State_reg[3]/C is not reached by a timing clock
Related violations: <none>

TIMING-17#103 Warning
Non-clocked sequential cell  
The clock pin FSM_Inst/LATCH_DRIVE_reg/C is not reached by a timing clock
Related violations: <none>

TIMING-17#104 Warning
Non-clocked sequential cell  
The clock pin RAND_GEN_Inst/RAND_OUT_reg[0]/C is not reached by a timing clock
Related violations: <none>

TIMING-17#105 Warning
Non-clocked sequential cell  
The clock pin RAND_GEN_Inst/RAND_OUT_reg[1]/C is not reached by a timing clock
Related violations: <none>

TIMING-17#106 Warning
Non-clocked sequential cell  
The clock pin RAND_GEN_Inst/RAND_OUT_reg[2]/C is not reached by a timing clock
Related violations: <none>

TIMING-17#107 Warning
Non-clocked sequential cell  
The clock pin RAND_GEN_Inst/RAND_OUT_reg[3]/C is not reached by a timing clock
Related violations: <none>

TIMING-17#108 Warning
Non-clocked sequential cell  
The clock pin RAND_GEN_Inst/RAND_OUT_reg[4]/C is not reached by a timing clock
Related violations: <none>

TIMING-17#109 Warning
Non-clocked sequential cell  
The clock pin RAND_GEN_Inst/RAND_OUT_reg[5]/C is not reached by a timing clock
Related violations: <none>

TIMING-20#1 Warning
Non-clocked latch  
The latch FSM_Inst/FSM_G_Data_Signal_reg[10] cannot be properly analyzed as its control pin FSM_Inst/FSM_G_Data_Signal_reg[10]/G is not reached by a timing clock
Related violations: <none>

TIMING-20#2 Warning
Non-clocked latch  
The latch FSM_Inst/FSM_G_Data_Signal_reg[11] cannot be properly analyzed as its control pin FSM_Inst/FSM_G_Data_Signal_reg[11]/G is not reached by a timing clock
Related violations: <none>

TIMING-20#3 Warning
Non-clocked latch  
The latch FSM_Inst/FSM_G_Data_Signal_reg[12] cannot be properly analyzed as its control pin FSM_Inst/FSM_G_Data_Signal_reg[12]/G is not reached by a timing clock
Related violations: <none>

TIMING-20#4 Warning
Non-clocked latch  
The latch FSM_Inst/FSM_G_Data_Signal_reg[13] cannot be properly analyzed as its control pin FSM_Inst/FSM_G_Data_Signal_reg[13]/G is not reached by a timing clock
Related violations: <none>

TIMING-20#5 Warning
Non-clocked latch  
The latch FSM_Inst/FSM_G_Data_Signal_reg[14] cannot be properly analyzed as its control pin FSM_Inst/FSM_G_Data_Signal_reg[14]/G is not reached by a timing clock
Related violations: <none>

TIMING-20#6 Warning
Non-clocked latch  
The latch FSM_Inst/FSM_G_Data_Signal_reg[15] cannot be properly analyzed as its control pin FSM_Inst/FSM_G_Data_Signal_reg[15]/G is not reached by a timing clock
Related violations: <none>

TIMING-20#7 Warning
Non-clocked latch  
The latch FSM_Inst/FSM_G_Data_Signal_reg[16] cannot be properly analyzed as its control pin FSM_Inst/FSM_G_Data_Signal_reg[16]/G is not reached by a timing clock
Related violations: <none>

TIMING-20#8 Warning
Non-clocked latch  
The latch FSM_Inst/FSM_G_Data_Signal_reg[17] cannot be properly analyzed as its control pin FSM_Inst/FSM_G_Data_Signal_reg[17]/G is not reached by a timing clock
Related violations: <none>

TIMING-20#9 Warning
Non-clocked latch  
The latch FSM_Inst/FSM_G_Data_Signal_reg[18] cannot be properly analyzed as its control pin FSM_Inst/FSM_G_Data_Signal_reg[18]/G is not reached by a timing clock
Related violations: <none>

TIMING-20#10 Warning
Non-clocked latch  
The latch FSM_Inst/FSM_G_Data_Signal_reg[19] cannot be properly analyzed as its control pin FSM_Inst/FSM_G_Data_Signal_reg[19]/G is not reached by a timing clock
Related violations: <none>

TIMING-20#11 Warning
Non-clocked latch  
The latch FSM_Inst/FSM_G_Data_Signal_reg[4] cannot be properly analyzed as its control pin FSM_Inst/FSM_G_Data_Signal_reg[4]/G is not reached by a timing clock
Related violations: <none>

TIMING-20#12 Warning
Non-clocked latch  
The latch FSM_Inst/FSM_G_Data_Signal_reg[8] cannot be properly analyzed as its control pin FSM_Inst/FSM_G_Data_Signal_reg[8]/G is not reached by a timing clock
Related violations: <none>

TIMING-20#13 Warning
Non-clocked latch  
The latch FSM_Inst/FSM_G_Data_Signal_reg[9] cannot be properly analyzed as its control pin FSM_Inst/FSM_G_Data_Signal_reg[9]/G is not reached by a timing clock
Related violations: <none>


