Copyright 1986-2018 Xilinx, Inc. All Rights Reserved.
------------------------------------------------------------------------------------------------
| Tool Version : Vivado v.2018.2 (lin64) Build 2258646 Thu Jun 14 20:02:38 MDT 2018
| Date         : Fri Dec 21 15:37:52 2018
| Host         : Aurora-St-Plus running 64-bit Ubuntu 16.04.5 LTS
| Command      : report_drc -file top_drc_opted.rpt -pb top_drc_opted.pb -rpx top_drc_opted.rpx
| Design       : top
| Device       : xc7a100tcsg324-1
| Speed File   : -1
| Design State : Synthesized
------------------------------------------------------------------------------------------------

Report DRC

Table of Contents
-----------------
1. REPORT SUMMARY
2. REPORT DETAILS

1. REPORT SUMMARY
-----------------
            Netlist: netlist
          Floorplan: design_1
      Design limits: <entire design considered>
           Ruledeck: default
             Max violations: <unlimited>
             Violations found: 6
+-------------+----------+-------------------------------------------------------------+------------+
| Rule        | Severity | Description                                                 | Violations |
+-------------+----------+-------------------------------------------------------------+------------+
| CFGBVS-1    | Warning  | Missing CFGBVS and CONFIG_VOLTAGE Design Properties         | 1          |
| IOSR-1      | Warning  | IOB set reset sharing                                       | 4          |
| PLHOLDVIO-2 | Warning  | Non-Optimal connections which could lead to hold violations | 1          |
+-------------+----------+-------------------------------------------------------------+------------+

2. REPORT DETAILS
-----------------
CFGBVS-1#1 Warning
Missing CFGBVS and CONFIG_VOLTAGE Design Properties  
Neither the CFGBVS nor CONFIG_VOLTAGE voltage property is set in the current_design.  Configuration bank voltage select (CFGBVS) must be set to VCCO or GND, and CONFIG_VOLTAGE must be set to the correct configuration voltage, in order to determine the I/O voltage support for the pins in bank 0.  It is suggested to specify these either using the 'Edit Device Properties' function in the GUI or directly in the XDC file using the following syntax:

 set_property CFGBVS value1 [current_design]
 #where value1 is either VCCO or GND

 set_property CONFIG_VOLTAGE value2 [current_design]
 #where value2 is the voltage provided to configuration bank 0

Refer to the device configuration user guide for more information.
Related violations: <none>

IOSR-1#1 Warning
IOB set reset sharing  
IO SWITCHES[0] connects to flops which have these FSM_Inst/BUF_Passcode[11]_i_1_n_0, FSM_Inst/BUF_Passcode[15]_i_1_n_0, FSM_Inst/BUF_Passcode[19]_i_1_n_0, FSM_Inst/BUF_Passcode[3]_i_1_n_0 set/reset signals.  For optimal IOB flop packing there should be only one set/reset signal coming into the IOB.
Related violations: <none>

IOSR-1#2 Warning
IOB set reset sharing  
IO SWITCHES[1] connects to flops which have these FSM_Inst/BUF_Passcode[11]_i_1_n_0, FSM_Inst/BUF_Passcode[15]_i_1_n_0, FSM_Inst/BUF_Passcode[19]_i_1_n_0, FSM_Inst/BUF_Passcode[3]_i_1_n_0 set/reset signals.  For optimal IOB flop packing there should be only one set/reset signal coming into the IOB.
Related violations: <none>

IOSR-1#3 Warning
IOB set reset sharing  
IO SWITCHES[2] connects to flops which have these FSM_Inst/BUF_Passcode[11]_i_1_n_0, FSM_Inst/BUF_Passcode[15]_i_1_n_0, FSM_Inst/BUF_Passcode[19]_i_1_n_0, FSM_Inst/BUF_Passcode[3]_i_1_n_0 set/reset signals.  For optimal IOB flop packing there should be only one set/reset signal coming into the IOB.
Related violations: <none>

IOSR-1#4 Warning
IOB set reset sharing  
IO SWITCHES[3] connects to flops which have these FSM_Inst/BUF_Passcode[11]_i_1_n_0, FSM_Inst/BUF_Passcode[15]_i_1_n_0, FSM_Inst/BUF_Passcode[19]_i_1_n_0, FSM_Inst/BUF_Passcode[3]_i_1_n_0 set/reset signals.  For optimal IOB flop packing there should be only one set/reset signal coming into the IOB.
Related violations: <none>

PLHOLDVIO-2#1 Warning
Non-Optimal connections which could lead to hold violations  
A LUT DEB_Array[1].DEBOUNCER_Inst/LED17_OBUF[1]_inst_i_1 is driving clock pin of 20 cells. This could lead to large hold time violations. First few involved cells are:
    FSM_Inst/BUF_Passcode_reg[0] {FDRE}
    FSM_Inst/BUF_Passcode_reg[10] {FDRE}
    FSM_Inst/BUF_Passcode_reg[11] {FDRE}
    FSM_Inst/BUF_Passcode_reg[12] {FDRE}
    FSM_Inst/BUF_Passcode_reg[13] {FDRE}
    FSM_Inst/BUF_Passcode_reg[14] {FDRE}
    FSM_Inst/BUF_Passcode_reg[15] {FDRE}
    FSM_Inst/BUF_Passcode_reg[16] {FDRE}
    FSM_Inst/BUF_Passcode_reg[17] {FDRE}

Related violations: <none>


