Copyright 1986-2018 Xilinx, Inc. All Rights Reserved.
---------------------------------------------------------------------------------------------------
| Tool Version : Vivado v.2018.2 (lin64) Build 2258646 Thu Jun 14 20:02:38 MDT 2018
| Date         : Sun Dec 23 23:00:45 2018
| Host         : Aurora-St-Plus running 64-bit Ubuntu 16.04.5 LTS
| Command      : report_drc -file top_drc_routed.rpt -pb top_drc_routed.pb -rpx top_drc_routed.rpx
| Design       : top
| Device       : xc7a100tcsg324-1
| Speed File   : -1
| Design State : Routed
---------------------------------------------------------------------------------------------------

Report DRC

Table of Contents
-----------------
1. REPORT SUMMARY
2. REPORT DETAILS

1. REPORT SUMMARY
-----------------
            Netlist: netlist
          Floorplan: design_1
      Design limits: <entire design considered>
           Ruledeck: default
             Max violations: <unlimited>
             Violations found: 8
+-------------+----------+-------------------------------------------------------------+------------+
| Rule        | Severity | Description                                                 | Violations |
+-------------+----------+-------------------------------------------------------------+------------+
| CFGBVS-1    | Warning  | Missing CFGBVS and CONFIG_VOLTAGE Design Properties         | 1          |
| PDRC-153    | Warning  | Gated clock check                                           | 5          |
| PLHOLDVIO-2 | Warning  | Non-Optimal connections which could lead to hold violations | 2          |
+-------------+----------+-------------------------------------------------------------+------------+

2. REPORT DETAILS
-----------------
CFGBVS-1#1 Warning
Missing CFGBVS and CONFIG_VOLTAGE Design Properties  
Neither the CFGBVS nor CONFIG_VOLTAGE voltage property is set in the current_design.  Configuration bank voltage select (CFGBVS) must be set to VCCO or GND, and CONFIG_VOLTAGE must be set to the correct configuration voltage, in order to determine the I/O voltage support for the pins in bank 0.  It is suggested to specify these either using the 'Edit Device Properties' function in the GUI or directly in the XDC file using the following syntax:

 set_property CFGBVS value1 [current_design]
 #where value1 is either VCCO or GND

 set_property CONFIG_VOLTAGE value2 [current_design]
 #where value2 is the voltage provided to configuration bank 0

Refer to the device configuration user guide for more information.
Related violations: <none>

PDRC-153#1 Warning
Gated clock check  
Net DEB_Array[1].DEBOUNCER_Inst/BUF_Passcode_reg[0] is a gated clock net sourced by a combinational pin DEB_Array[1].DEBOUNCER_Inst/BUF_Passcode[19]_i_2/O, cell DEB_Array[1].DEBOUNCER_Inst/BUF_Passcode[19]_i_2. This is not good design practice and will likely impact performance. For SLICE registers, for example, use the CE pin to control the loading of data.
Related violations: <none>

PDRC-153#2 Warning
Gated clock check  
Net FSM_Inst/BUF_Passcode_Part_reg[7]_0 is a gated clock net sourced by a combinational pin FSM_Inst/RAND_OUT[5]_i_1/O, cell FSM_Inst/RAND_OUT[5]_i_1. This is not good design practice and will likely impact performance. For SLICE registers, for example, use the CE pin to control the loading of data.
Related violations: <none>

PDRC-153#3 Warning
Gated clock check  
Net FSM_Inst/E[0] is a gated clock net sourced by a combinational pin FSM_Inst/GFX_BIN_reg[31]_i_2/O, cell FSM_Inst/GFX_BIN_reg[31]_i_2. This is not good design practice and will likely impact performance. For SLICE registers, for example, use the CE pin to control the loading of data.
Related violations: <none>

PDRC-153#4 Warning
Gated clock check  
Net FSM_Inst/FSM_G_Data_Signal_reg[19]_i_2_n_0 is a gated clock net sourced by a combinational pin FSM_Inst/FSM_G_Data_Signal_reg[19]_i_2/O, cell FSM_Inst/FSM_G_Data_Signal_reg[19]_i_2. This is not good design practice and will likely impact performance. For SLICE registers, for example, use the CE pin to control the loading of data.
Related violations: <none>

PDRC-153#5 Warning
Gated clock check  
Net FSM_Inst/FSM_Secure_Mode_Enable_reg_i_2_n_0 is a gated clock net sourced by a combinational pin FSM_Inst/FSM_Secure_Mode_Enable_reg_i_2/O, cell FSM_Inst/FSM_Secure_Mode_Enable_reg_i_2. This is not good design practice and will likely impact performance. For SLICE registers, for example, use the CE pin to control the loading of data.
Related violations: <none>

PLHOLDVIO-2#1 Warning
Non-Optimal connections which could lead to hold violations  
A LUT DEB_Array[1].DEBOUNCER_Inst/BUF_Passcode[19]_i_2 is driving clock pin of 20 cells. This could lead to large hold time violations. First few involved cells are:
    FSM_Inst/BUF_Passcode_reg[0] {FDRE}
    FSM_Inst/BUF_Passcode_reg[10] {FDRE}
    FSM_Inst/BUF_Passcode_reg[11] {FDRE}
    FSM_Inst/BUF_Passcode_reg[12] {FDRE}
    FSM_Inst/BUF_Passcode_reg[13] {FDRE}
    FSM_Inst/BUF_Passcode_reg[14] {FDRE}
    FSM_Inst/BUF_Passcode_reg[15] {FDRE}
    FSM_Inst/BUF_Passcode_reg[16] {FDRE}
    FSM_Inst/BUF_Passcode_reg[17] {FDRE}

Related violations: <none>

PLHOLDVIO-2#2 Warning
Non-Optimal connections which could lead to hold violations  
A LUT FSM_Inst/RAND_OUT[5]_i_1 is driving clock pin of 14 cells. This could lead to large hold time violations. First few involved cells are:
    FSM_Inst/BUF_Passcode_Part_reg[0] {FDSE}
    FSM_Inst/BUF_Passcode_Part_reg[1] {FDSE}
    FSM_Inst/BUF_Passcode_Part_reg[2] {FDSE}
    FSM_Inst/BUF_Passcode_Part_reg[3] {FDSE}
    FSM_Inst/BUF_Passcode_Part_reg[4] {FDSE}
    FSM_Inst/BUF_Passcode_Part_reg[5] {FDSE}
    FSM_Inst/BUF_Passcode_Part_reg[6] {FDSE}
    FSM_Inst/BUF_Passcode_Part_reg[7] {FDSE}
    RAND_GEN_Inst/RAND_OUT_reg[0] {FDRE}

Related violations: <none>


